TN:
SF:index.js
FN:6,(anonymous_0)
FNF:1
FNH:1
FNDA:1,(anonymous_0)
DA:2,1
DA:3,1
DA:4,1
DA:5,1
DA:6,1
DA:7,1
DA:20,1
DA:21,1
DA:22,1
DA:24,1
DA:25,1
DA:27,1
DA:28,1
DA:29,0
DA:32,1
DA:33,1
DA:35,1
LF:17
LH:16
BRDA:28,0,0,0
BRDA:28,0,1,1
BRF:2
BRH:1
end_of_record
TN:
SF:lib/db.js
FN:4,setupDatabase
FNF:1
FNH:1
FNDA:3,setupDatabase
DA:2,1
DA:3,1
DA:4,1
DA:5,3
DA:6,1
DA:8,3
LF:6
LH:6
BRDA:5,0,0,1
BRDA:5,0,1,2
BRF:2
BRH:2
end_of_record
TN:
SF:models/agent.js
FN:5,setupAgenModel
FNF:1
FNH:1
FNDA:1,setupAgenModel
DA:2,1
DA:3,1
DA:5,1
DA:6,1
DA:7,1
LF:5
LH:5
BRF:0
BRH:0
end_of_record
TN:
SF:models/metric.js
FN:5,setupMetricModel
FNF:1
FNH:1
FNDA:1,setupMetricModel
DA:2,1
DA:3,1
DA:5,1
DA:6,1
DA:7,1
LF:5
LH:5
BRF:0
BRH:0
end_of_record
