TN:
SF:index.js
FN:7,(anonymous_0)
FNF:1
FNH:1
FNDA:9,(anonymous_0)
DA:2,9
DA:3,9
DA:4,9
DA:5,9
DA:6,9
DA:7,9
DA:8,9
DA:21,9
DA:22,9
DA:23,9
DA:25,9
DA:26,9
DA:28,9
DA:29,9
DA:30,0
DA:33,9
DA:34,9
DA:36,9
LF:18
LH:17
BRDA:29,0,0,0
BRDA:29,0,1,9
BRF:2
BRH:1
end_of_record
TN:
SF:lib/agent.js
FN:2,setupAgent
FN:3,CreateOrUpdate
FN:17,findById
FN:20,findByUuid
FN:27,findAll
FN:30,findConnected
FN:37,findByUsername
FNF:7
FNH:7
FNDA:9,setupAgent
FNDA:2,CreateOrUpdate
FNDA:1,findById
FNDA:1,findByUuid
FNDA:1,findAll
FNDA:1,findConnected
FNDA:1,findByUsername
DA:2,1
DA:4,2
DA:9,2
DA:10,2
DA:11,1
DA:12,1
DA:14,1
DA:15,1
DA:18,1
DA:21,1
DA:28,1
DA:31,1
DA:38,1
DA:45,9
LF:14
LH:14
BRDA:10,0,0,1
BRDA:10,0,1,1
BRDA:12,1,0,0
BRDA:12,1,1,1
BRF:4
BRH:3
end_of_record
TN:
SF:lib/db.js
FN:4,setupDatabase
FNF:1
FNH:1
FNDA:9,setupDatabase
DA:2,1
DA:3,1
DA:4,1
DA:5,9
DA:6,1
DA:8,9
LF:6
LH:6
BRDA:5,0,0,1
BRDA:5,0,1,8
BRF:2
BRH:2
end_of_record
TN:
SF:models/agent.js
FN:5,setupAgenModel
FNF:1
FNH:0
FNDA:0,setupAgenModel
DA:2,1
DA:3,1
DA:5,1
DA:6,0
DA:7,0
LF:5
LH:3
BRF:0
BRH:0
end_of_record
TN:
SF:models/metric.js
FN:5,setupMetricModel
FNF:1
FNH:0
FNDA:0,setupMetricModel
DA:2,1
DA:3,1
DA:5,1
DA:6,0
DA:7,0
LF:5
LH:3
BRF:0
BRH:0
end_of_record
